# JRE version: OpenJDK Runtime Environment (17.0.6) (build 17.0.6+0-b2043.56-9586694)
# Java VM: OpenJDK 64-Bit Server VM (17.0.6+0-b2043.56-9586694, mixed mode, tiered, compressed oops, compressed class ptrs, g1 gc, windows-amd64)
GC Precious Log:
 CPUs: 8 total, 8 available
 Memory: 7937M
 Large Page Support: Disabled
 NUMA Support: Disabled
 Compressed Oops: Enabled (32-bit)
 Heap Region Size: 1M
 Heap Min Capacity: 8M
 Heap Initial Capacity: 126M
 Heap Max Capacity: 2G
 Pre-touch: Disabled
 Parallel Workers: 8
 Concurrent Workers: 2
 Concurrent Refinement Workers: 8
 Periodic GC: Disabled
Heap:
 garbage-first heap   total 380928K, used 234231K [0x0000000080000000, 0x0000000100000000)
  region size 1024K, 10 young (10240K), 8 survivors (8192K)
 Metaspace       used 126822K, committed 127872K, reserved 1163264K
  class space    used 16838K, committed 17344K, reserved 1048576K
GC Heap History (20 events):
Event: 217.534 GC heap before
{Heap before GC invocations=162 (full 0):
 garbage-first heap   total 344064K, used 207352K [0x0000000080000000, 0x0000000100000000)
  region size 1024K, 16 young (16384K), 10 survivors (10240K)
 Metaspace       used 103972K, committed 104768K, reserved 1146880K
  class space    used 14027K, committed 14400K, reserved 1048576K
}
Event: 217.553 GC heap after
{Heap after GC invocations=163 (full 0):
 garbage-first heap   total 344064K, used 202620K [0x0000000080000000, 0x0000000100000000)
  region size 1024K, 2 young (2048K), 2 survivors (2048K)
 Metaspace       used 103972K, committed 104768K, reserved 1146880K
  class space    used 14027K, committed 14400K, reserved 1048576K
}
Event: 221.997 GC heap before
{Heap before GC invocations=163 (full 0):
 garbage-first heap   total 344064K, used 285564K [0x0000000080000000, 0x0000000100000000)
  region size 1024K, 83 young (84992K), 2 survivors (2048K)
 Metaspace       used 114860K, committed 115648K, reserved 1155072K
  class space    used 15438K, committed 15808K, reserved 1048576K
}
Event: 222.009 GC heap after
{Heap after GC invocations=164 (full 0):
 garbage-first heap   total 344064K, used 205616K [0x0000000080000000, 0x0000000100000000)
  region size 1024K, 5 young (5120K), 5 survivors (5120K)
 Metaspace       used 114860K, committed 115648K, reserved 1155072K
  class space    used 15438K, committed 15808K, reserved 1048576K
}
Event: 224.219 GC heap before
{Heap before GC invocations=165 (full 0):
 garbage-first heap   total 348160K, used 286512K [0x0000000080000000, 0x0000000100000000)
  region size 1024K, 85 young (87040K), 5 survivors (5120K)
 Metaspace       used 116038K, committed 116864K, reserved 1155072K
  class space    used 15541K, committed 15936K, reserved 1048576K
}
Event: 224.231 GC heap after
{Heap after GC invocations=166 (full 0):
 garbage-first heap   total 348160K, used 214123K [0x0000000080000000, 0x0000000100000000)
  region size 1024K, 11 young (11264K), 11 survivors (11264K)
 Metaspace       used 116038K, committed 116864K, reserved 1155072K
  class space    used 15541K, committed 15936K, reserved 1048576K
}
Event: 224.911 GC heap before
{Heap before GC invocations=166 (full 0):
 garbage-first heap   total 348160K, used 219243K [0x0000000080000000, 0x0000000100000000)
  region size 1024K, 17 young (17408K), 11 survivors (11264K)
 Metaspace       used 116140K, committed 116992K, reserved 1155072K
  class space    used 15552K, committed 15936K, reserved 1048576K
}
Event: 224.926 GC heap after
{Heap after GC invocations=167 (full 0):
 garbage-first heap   total 348160K, used 209063K [0x0000000080000000, 0x0000000100000000)
  region size 1024K, 3 young (3072K), 3 survivors (3072K)
 Metaspace       used 116140K, committed 116992K, reserved 1155072K
  class space    used 15552K, committed 15936K, reserved 1048576K
}
Event: 234.509 GC heap before
{Heap before GC invocations=167 (full 0):
 garbage-first heap   total 348160K, used 289959K [0x0000000080000000, 0x0000000100000000)
  region size 1024K, 82 young (83968K), 3 survivors (3072K)
 Metaspace       used 118104K, committed 118976K, reserved 1155072K
  class space    used 15781K, committed 16192K, reserved 1048576K
}
Event: 234.520 GC heap after
{Heap after GC invocations=168 (full 0):
 garbage-first heap   total 348160K, used 210597K [0x0000000080000000, 0x0000000100000000)
  region size 1024K, 4 young (4096K), 4 survivors (4096K)
 Metaspace       used 118104K, committed 118976K, reserved 1155072K
  class space    used 15781K, committed 16192K, reserved 1048576K
}
Event: 1472.326 GC heap before
{Heap before GC invocations=169 (full 0):
 garbage-first heap   total 353280K, used 291493K [0x0000000080000000, 0x0000000100000000)
  region size 1024K, 84 young (86016K), 4 survivors (4096K)
 Metaspace       used 119409K, committed 120384K, reserved 1155072K
  class space    used 15931K, committed 16384K, reserved 1048576K
}
Event: 1472.436 GC heap after
{Heap after GC invocations=170 (full 0):
 garbage-first heap   total 353280K, used 213510K [0x0000000080000000, 0x0000000100000000)
  region size 1024K, 7 young (7168K), 7 survivors (7168K)
 Metaspace       used 119409K, committed 120384K, reserved 1155072K
  class space    used 15931K, committed 16384K, reserved 1048576K
}
Event: 1473.304 GC heap before
{Heap before GC invocations=170 (full 0):
 garbage-first heap   total 353280K, used 222726K [0x0000000080000000, 0x0000000100000000)
  region size 1024K, 17 young (17408K), 7 survivors (7168K)
 Metaspace       used 119446K, committed 120384K, reserved 1155072K
  class space    used 15931K, committed 16384K, reserved 1048576K
}
Event: 1473.349 GC heap after
{Heap after GC invocations=171 (full 0):
 garbage-first heap   total 353280K, used 210417K [0x0000000080000000, 0x0000000100000000)
  region size 1024K, 2 young (2048K), 2 survivors (2048K)
 Metaspace       used 119446K, committed 120384K, reserved 1155072K
  class space    used 15931K, committed 16384K, reserved 1048576K
}
Event: 1484.157 GC heap before
{Heap before GC invocations=171 (full 0):
 garbage-first heap   total 353280K, used 297457K [0x0000000080000000, 0x0000000100000000)
  region size 1024K, 87 young (89088K), 2 survivors (2048K)
 Metaspace       used 121697K, committed 122688K, reserved 1155072K
  class space    used 16215K, committed 16704K, reserved 1048576K
}
Event: 1484.196 GC heap after
{Heap after GC invocations=172 (full 0):
 garbage-first heap   total 353280K, used 221184K [0x0000000080000000, 0x0000000100000000)
  region size 1024K, 11 young (11264K), 11 survivors (11264K)
 Metaspace       used 121697K, committed 122688K, reserved 1155072K
  class space    used 16215K, committed 16704K, reserved 1048576K
}
Event: 1498.608 GC heap before
{Heap before GC invocations=173 (full 0):
 garbage-first heap   total 380928K, used 292864K [0x0000000080000000, 0x0000000100000000)
  region size 1024K, 82 young (83968K), 11 survivors (11264K)
 Metaspace       used 126011K, committed 127040K, reserved 1163264K
  class space    used 16731K, committed 17216K, reserved 1048576K
}
Event: 1498.823 GC heap after
{Heap after GC invocations=174 (full 0):
 garbage-first heap   total 380928K, used 229786K [0x0000000080000000, 0x0000000100000000)
  region size 1024K, 9 young (9216K), 9 survivors (9216K)
 Metaspace       used 126011K, committed 127040K, reserved 1163264K
  class space    used 16731K, committed 17216K, reserved 1048576K
}
Event: 1501.506 GC heap before
{Heap before GC invocations=174 (full 0):
 garbage-first heap   total 380928K, used 237978K [0x0000000080000000, 0x0000000100000000)
  region size 1024K, 18 young (18432K), 9 survivors (9216K)
 Metaspace       used 126319K, committed 127424K, reserved 1163264K
  class space    used 16790K, committed 17344K, reserved 1048576K
}
Event: 1501.555 GC heap after
{Heap after GC invocations=175 (full 0):
 garbage-first heap   total 380928K, used 227145K [0x0000000080000000, 0x0000000100000000)
  region size 1024K, 2 young (2048K), 2 survivors (2048K)
 Metaspace       used 126319K, committed 127424K, reserved 1163264K
  class space    used 16790K, committed 17344K, reserved 1048576K
}

